13: Process 13 on xcne2 will be executing as a client issuing transactions
 4: Process 4 on xcne0 will be executing as a client issuing transactions
 6: Process 6 on xcne1 will be executing as a client issuing transactions
21: Process 21 on xcne4 will be executing as a client issuing transactions
18: Process 18 on xcne3 will be executing as a client issuing transactions
16: Process 16 on xcne3 will be executing as a client issuing transactions
19: Process 19 on xcne3 will be executing as a client issuing transactions
17: Process 17 on xcne3 will be executing as a client issuing transactions
15: The files belonging to this database system will be owned by user "cs4224b".
15: This user must also own the server process.
15: 
15: The database cluster will be initialized with locale "en_US.UTF-8".
15: The default database encoding has accordingly been set to "UTF8".
15: The default text search configuration will be set to "english".
15: 
15: Data page checksums are disabled.
15: 
15: fixing permissions on existing directory /tmp/teamb-data ... ok
15: creating subdirectories ... ok
15: selecting dynamic shared memory implementation ... posix
 2: Process 2 on xcne0 will be executing as a client issuing transactions
 1: Process 1 on xcne0 will be executing as a client issuing transactions
 3: Process 3 on xcne0 will be executing as a client issuing transactions
 0: The files belonging to this database system will be owned by user "cs4224b".
 0: This user must also own the server process.
 0: 
 0: The database cluster will be initialized with locale "en_US.UTF-8".
 0: The default database encoding has accordingly been set to "UTF8".
 0: The default text search configuration will be set to "english".
 0: 
 0: Data page checksums are disabled.
 0: 
 0: fixing permissions on existing directory /tmp/teamb-data ... ok
12: Process 12 on xcne2 will be executing as a client issuing transactions
 0: creating subdirectories ... ok
14: Process 14 on xcne2 will be executing as a client issuing transactions
22: Process 22 on xcne4 will be executing as a client issuing transactions
11: Process 11 on xcne2 will be executing as a client issuing transactions
24: Process 24 on xcne4 will be executing as a client issuing transactions
 9: Process 9 on xcne1 will be executing as a client issuing transactions
10: The files belonging to this database system will be owned by user "cs4224b".
10: This user must also own the server process.
10: 
23: Process 23 on xcne4 will be executing as a client issuing transactions
 7: Process 7 on xcne1 will be executing as a client issuing transactions
10: The database cluster will be initialized with locale "en_US.UTF-8".
10: The default database encoding has accordingly been set to "UTF8".
10: The default text search configuration will be set to "english".
10: 
10: Data page checksums are disabled.
10: 
10: fixing permissions on existing directory /tmp/teamb-data ... ok
20: The files belonging to this database system will be owned by user "cs4224b".
20: This user must also own the server process.
20: 
 8: Process 8 on xcne1 will be executing as a client issuing transactions
10: creating subdirectories ... ok
20: The database cluster will be initialized with locale "en_US.UTF-8".
20: The default database encoding has accordingly been set to "UTF8".
20: The default text search configuration will be set to "english".
20: 
20: Data page checksums are disabled.
20: 
 5: The files belonging to this database system will be owned by user "cs4224b".
 5: This user must also own the server process.
 5: 
10: selecting dynamic shared memory implementation ... posix
20: fixing permissions on existing directory /tmp/teamb-data ... ok
 5: The database cluster will be initialized with locale "en_US.UTF-8".
 5: The default database encoding has accordingly been set to "UTF8".
 5: The default text search configuration will be set to "english".
 5: 
 5: Data page checksums are disabled.
 5: 
20: creating subdirectories ... ok
 5: fixing permissions on existing directory /tmp/teamb-data ... ok
20: selecting dynamic shared memory implementation ... posix
 5: creating subdirectories ... ok
 5: selecting dynamic shared memory implementation ... posix
 0: selecting dynamic shared memory implementation ... posix
10: selecting default max_connections ... 100
 5: selecting default max_connections ... 100
15: selecting default max_connections ... 100
20: selecting default max_connections ... 100
 0: selecting default max_connections ... 100
10: selecting default shared_buffers ... 128MB
 5: selecting default shared_buffers ... 128MB
20: selecting default shared_buffers ... 128MB
15: selecting default shared_buffers ... 128MB
10: selecting default time zone ... Singapore
 0: selecting default shared_buffers ... 128MB
10: creating configuration files ... ok
 5: selecting default time zone ... Singapore
 5: creating configuration files ... ok
20: selecting default time zone ... Singapore
15: selecting default time zone ... Singapore
20: creating configuration files ... ok
15: creating configuration files ... ok
 0: selecting default time zone ... Singapore
 0: creating configuration files ... ok
 5: running bootstrap script ... ok
20: running bootstrap script ... ok
15: running bootstrap script ... ok
 0: running bootstrap script ... ok
10: running bootstrap script ... ok
 5: performing post-bootstrap initialization ... ok
20: performing post-bootstrap initialization ... ok
 0: performing post-bootstrap initialization ... ok
10: performing post-bootstrap initialization ... ok
15: performing post-bootstrap initialization ... ok
 0: syncing data to disk ... ok
 0: 
 0: 
 0: Success. You can now start the database server using:
 0: 
 0:     /home/stuproj/cs4224b/pgsql/bin/pg_ctl -D /tmp/teamb-data -l logfile start
 0: 
 0: initdb: warning: enabling "trust" authentication for local connections
 0: initdb: hint: You can change this by editing pg_hba.conf or using the option -A, or --auth-local and --auth-host, the next time you run initdb.
20: syncing data to disk ... ok
20: 
20: 
20: Success. You can now start the database server using:
20: 
20:     /home/stuproj/cs4224b/pgsql/bin/pg_ctl -D /tmp/teamb-data -l logfile start
20: 
20: initdb: warning: enabling "trust" authentication for local connections
20: initdb: hint: You can change this by editing pg_hba.conf or using the option -A, or --auth-local and --auth-host, the next time you run initdb.
10: syncing data to disk ... ok
10: 
10: 
10: Success. You can now start the database server using:
10: 
10:     /home/stuproj/cs4224b/pgsql/bin/pg_ctl -D /tmp/teamb-data -l logfile start
10: 
10: initdb: warning: enabling "trust" authentication for local connections
10: initdb: hint: You can change this by editing pg_hba.conf or using the option -A, or --auth-local and --auth-host, the next time you run initdb.
 5: syncing data to disk ... ok
 5: 
 5: 
 5: Success. You can now start the database server using:
 5: 
 5:     /home/stuproj/cs4224b/pgsql/bin/pg_ctl -D /tmp/teamb-data -l logfile start
 5: 
 5: initdb: warning: enabling "trust" authentication for local connections
 5: initdb: hint: You can change this by editing pg_hba.conf or using the option -A, or --auth-local and --auth-host, the next time you run initdb.
15: syncing data to disk ... ok
15: 
15: 
15: Success. You can now start the database server using:
15: 
15:     /home/stuproj/cs4224b/pgsql/bin/pg_ctl -D /tmp/teamb-data -l logfile start
15: 
15: initdb: warning: enabling "trust" authentication for local connections
15: initdb: hint: You can change this by editing pg_hba.conf or using the option -A, or --auth-local and --auth-host, the next time you run initdb.
 0: waiting for server to start.... done
 0: server started
20: waiting for server to start.... done
20: server started
10: waiting for server to start.... done
10: server started
 5: waiting for server to start.... done
 5: server started
15: waiting for server to start.... done
15: server started
10: CREATE EXTENSION
10: Process 10 on xcne2 will be executing as a Citus worker node
20: CREATE EXTENSION
20: Process 20 on xcne4 will be executing as a Citus worker node
 0: CREATE EXTENSION
 0: Process 0 on xcne0 will be executing as the Citus coordinator node
 5: CREATE EXTENSION
 5: Process 5 on xcne1 will be executing as a Citus worker node
 0:  citus_set_coordinator_host 
 0: ----------------------------
 0:  
 0: (1 row)
 0: 
15: CREATE EXTENSION
15: Process 15 on xcne3 will be executing as a Citus worker node
 0: ALTER DATABASE
 0:  citus_add_node 
 0: ----------------
 0:               2
 0: (1 row)
 0: 
 0:  citus_add_node 
 0: ----------------
 0:               3
 0: (1 row)
 0: 
 0:  citus_add_node 
 0: ----------------
 0:               4
 0: (1 row)
 0: 
 0:  citus_add_node 
 0: ----------------
 0:               5
 0: (1 row)
 0: 
 0:  node_name | node_port 
 0: -----------+-----------
 0:  xcne2     |      5098
 0:  xcne3     |      5098
 0:  xcne4     |      5098
 0:  xcne1     |      5098
 0: (4 rows)
 0: 
 0: CREATE TABLE
 0:  create_distributed_table 
 0: --------------------------
 0:  
 0: (1 row)
 0: 
 0: CREATE TABLE
 0:  create_distributed_table 
 0: --------------------------
 0:  
 0: (1 row)
 0: 
 0: CREATE TABLE
 0:  create_distributed_table 
 0: --------------------------
 0:  
 0: (1 row)
 0: 
 0: CREATE TABLE
 0:  create_distributed_table 
 0: --------------------------
 0:  
 0: (1 row)
 0: 
 0: CREATE TABLE
 0:  create_distributed_table 
 0: --------------------------
 0:  
 0: (1 row)
 0: 
 0: CREATE TABLE
 0:  create_distributed_table 
 0: --------------------------
 0:  
 0: (1 row)
 0: 
 0: CREATE TABLE
 0:  create_distributed_table 
 0: --------------------------
 0:  
 0: (1 row)
 0: 
 0: CREATE TABLE
 0:  create_distributed_table 
 0: --------------------------
 0:  
 0: (1 row)
 0: 
 0: CREATE TABLE
 0:  create_distributed_table 
 0: --------------------------
 0:  
 0: (1 row)
 0: 
 0: CREATE TABLE
 0:  create_distributed_table 
 0: --------------------------
 0:  
 0: (1 row)
 0: 
 0: CREATE TABLE
 0:  create_distributed_table 
 0: --------------------------
 0:  
 0: (1 row)
 0: 
 0: CREATE TABLE
 0:  create_distributed_table 
 0: --------------------------
 0:  
 0: (1 row)
 0: 
 0:                    List of relations
 0:  Schema |            Name            | Type  |  Owner  
 0: --------+----------------------------+-------+---------
 0:  public | customer                   | table | cs4224b
 0:  public | customer_2-7               | table | cs4224b
 0:  public | customer_2-8               | table | cs4224b
 0:  public | district                   | table | cs4224b
 0:  public | district_2-5               | table | cs4224b
 0:  public | item                       | table | cs4224b
 0:  public | order                      | table | cs4224b
 0:  public | order-line                 | table | cs4224b
 0:  public | order-line-item-constraint | table | cs4224b
 0:  public | stock                      | table | cs4224b
 0:  public | stock_2-5                  | table | cs4224b
 0:  public | warehouse                  | table | cs4224b
 0: (12 rows)
 0: 
 0: COPY 10
 0: COPY 100
 0: COPY 100
 0: COPY 300000
 0: COPY 300000
 0: COPY 300000
 0: COPY 300000
 0: COPY 100000
 0: COPY 1000000
 0: COPY 1000000
 0: COPY 3749590
 0: COPY 3749590
 1: Total Transactions: 13
 1: Total Time: 2.06
 1: Throughput: 6.31
 1: Average Latency: 0.16
 1: Median Latency: 0.09
 1: 95th Percentile Latency: 1001.37
 1: 99th Percentile Latency: 1219.54
 1: Successfully connected to the PostgreSQL database
 1: [1, 5, 2817, 'imquwwvvwqyw', 'OE', 'PRICALLYANTI', 'azuxgqlyvtqiwvztj', 'eboqwscvxiupgvgbx', 'numipxbwhatvdmlixvx', 'CH', '437011111', '1028278425915358', datetime.datetime(2022, 8, 2, 17, 16, 5, 703000), 'GC', Decimal('50000.00'), Decimal('0.4368'), '-3859.58', 'dxvcrastvybcwvmgnyk', 'xvzxkgxtspsjdgylue', 'qflaqlocfljbepowfn', 'OM', '123456789', 'ubqyhmgdg', 'bzqlxxfwnpez', 'xcxmmnbjfeedxg', 'MA', '123456789', '3849.58']
 1: Processed P: None
 1: [8, 6, 2301, 'xlqpzecobkqeob', 'OE', 'ABLEBARPRI', 'uaegnechuqypw', 'qdfppauctuye', 'ojgrwzycrs', 'XW', '782811111', '3804564552531664', datetime.datetime(2022, 8, 2, 17, 16, 10, 999000), 'GC', Decimal('50000.00'), Decimal('0.2619'), '-140.47', 'krdcmbxkfuilwd', 'bfxrfaopru', 'dflpdlhxxcxcuplwgd', 'PH', '123456789', 'mbqpulfikecbxm', 'npkfhvnirbuhbziazox', 'peghtpsybdvfro', 'PS', '123456789', '130.47']
 1: Processed P: None
 1: Processed D: None
 1: [1, 3, 2289, 'PRESEINGOUGHT', 'GC', Decimal('0.3579'), 0.0384, 0.17, 3002, datetime.datetime(2024, 11, 2, 6, 12, 21, 932700, tzinfo=datetime.timezone.utc), 7, '1427.10', 2079, 'qegfsdellkboyjfzzzssov', 1, 3, '96.93', Decimal('20'), 6215, 'axidmtlbzldgzprz', 1, 2, '195.48', Decimal('50'), 38039, 'ffvusgioulqfhh', 1, 9, '729.18', Decimal('109'), 40321, 'blombyfazeaqytfl', 1, 6, '236.40', Decimal('64'), 40615, 'bwantykiwmswurnzhlop', 1, 5, '110.85', Decimal('35'), 47586, 'yoiojydgbdkcuetwlrnwtp', 1, 9, '428.85', Decimal('56'), 84174, 'mpxznaunasgerqwkvx', 1, 1, '41.56', Decimal('16')]
 1: Processed N: None
 1: [1, 4, 35, 13489, 'rgsgtggednnqk', '88.79', Decimal('10'), 2, 805, 'vqsrrqzfmewvjl', '69.99', Decimal('5'), 1, 948, 'rdnyflcnbvvvbrhjhcyj', '52.10', Decimal('5'), 1, 1331, 'dcacunfdnkvnifdh', '84.63', Decimal('5'), 1, 1443, 'stdwkqsmccbkmirpqcughp', '90.85', Decimal('5'), 1]
 1: Processed I: None
 1: [5]
 1: Processed S: None
 1: Processed D: None
 1: Processed D: None
 1: Processed D: None
 1: TX
 1: 1234
 1: [1, 3, 314]
 1: Processed R: None
 1: ['azgzudpyqvb', 'OE', 'OUGHTCALLYESE', '-10.00', 999, datetime.datetime(2022, 8, 2, 17, 16, 14, 34000), 2, 16185, 1, Decimal('5'), '142.00', datetime.datetime(2022, 8, 2, 17, 16, 14, 34000), 23685, 1, Decimal('5'), '46.00', datetime.datetime(2022, 8, 2, 17, 16, 14, 34000), 28494, 1, Decimal('5'), '153.00', datetime.datetime(2022, 8, 2, 17, 16, 14, 34000), 32953, 1, Decimal('5'), '118.00', datetime.datetime(2022, 8, 2, 17, 16, 14, 34000), 40727, 1, Decimal('5'), '38.00', datetime.datetime(2022, 8, 2, 17, 16, 14, 34000), 59003, 1, Decimal('5'), '176.00', datetime.datetime(2022, 8, 2, 17, 16, 14, 34000), 65981, 1, Decimal('5'), '48.00', datetime.datetime(2022, 8, 2, 17, 16, 14, 34000), 70048, 1, Decimal('5'), '176.00', datetime.datetime(2022, 8, 2, 17, 16, 14, 34000), 81084, 1, Decimal('5'), '60.00', datetime.datetime(2022, 8, 2, 17, 16, 14, 34000), 94101, 1, Decimal('5'), '44.00', datetime.datetime(2022, 8, 2, 17, 16, 14, 34000)]
 1: Processed O: None
 1: Processed D: None
 1: ['ynwcjxx', 'OE', 'CALLYABLEANTI', '127460.41', 'sxvnjhpd', 'adndcdai', 'ynwcjxx', 'OE', 'CALLYABLEANTI', '127460.41', 'sxvnjhpd', 'adndcdai', 'ynwcjxx', 'OE', 'CALLYABLEANTI', '127460.41', 'sxvnjhpd', 'adndcdai', 'ynwcjxx', 'OE', 'CALLYABLEANTI', '127460.41', 'sxvnjhpd', 'adndcdai', 'ynwcjxx', 'OE', 'CALLYABLEANTI', '127460.41', 'sxvnjhpd', 'adndcdai', 'ynwcjxx', 'OE', 'CALLYABLEANTI', '127460.41', 'sxvnjhpd', 'adndcdai', 'ynwcjxx', 'OE', 'CALLYABLEANTI', '127460.41', 'sxvnjhpd', 'adndcdai', 'ynwcjxx', 'OE', 'CALLYABLEANTI', '127460.41', 'sxvnjhpd', 'adndcdai', 'ynwcjxx', 'OE', 'CALLYABLEANTI', '127460.41', 'sxvnjhpd', 'adndcdai', 'ynwcjxx', 'OE', 'CALLYABLEANTI', '127460.41', 'sxvnjhpd', 'adndcdai']
 1: Processed T: None
 1: Measuring database statistics
 1: /home/stuproj/cs4224b/output/database_state.csv
 1: Writing Database State statistics to /home/stuproj/cs4224b/output/database_state.csv
 1: Query 1: SELECT SUM(W_YTD) FROM Warehouse took 0.005324125289916992 seconds
 1: Query 2: SELECT SUM(D_YTD), SUM(D_NEXT_O_ID) FROM District took 0.005100727081298828 seconds
 1: Query 3: SELECT SUM(C_BALANCE), SUM(C_YTD_PAYMENT), SUM(C_PAYMENT_CNT), SUM(C_DELIVERY_CNT) from Customer took 0.08341574668884277 seconds
 1: Query 4: SELECT MAX(O_ID), SUM(O_OL_CNT) FROM "order" took 0.06755328178405762 seconds
 1: Query 5: SELECT SUM(OL_AMOUNT), SUM(OL_QUANTITY) FROM "order-line" took 0.2263188362121582 seconds
 1: Query 6: SELECT SUM(S_QUANTITY), SUM(S_YTD), SUM(S_ORDER_CNT), SUM(S_REMOTE_CNT) FROM Stock took 0.1251838207244873 seconds
 1: Measuring performance metrics
 1: Client 0: writing performance metrics
 1: Client 0 metrics written to /home/stuproj/cs4224b/output/performance_metrics.csv
 1: Total Transactions Executed: 13
 1: Total Execution Time: 2.06 seconds
 1: Average Latency: 0.16 seconds
 1: Connection closed
Result of the run on: 2024-11-02 14:13:08
